0 info it worked if it ends with ok
1 verbose cli [ '/usr/bin/nodejs', '/usr/bin/npm', 'run', 'build' ]
2 info using npm@3.10.10
3 info using node@v6.9.4
4 verbose run-script [ 'prebuild', 'build', 'postbuild' ]
5 info lifecycle pr-gif-extension@1.0.0~prebuild: pr-gif-extension@1.0.0
6 silly lifecycle pr-gif-extension@1.0.0~prebuild: no script for prebuild, continuing
7 info lifecycle pr-gif-extension@1.0.0~build: pr-gif-extension@1.0.0
8 verbose lifecycle pr-gif-extension@1.0.0~build: unsafe-perm in lifecycle true
9 verbose lifecycle pr-gif-extension@1.0.0~build: PATH: /usr/lib/node_modules/npm/bin/node-gyp-bin:/mnt/k/Projects/Git Projects/pr-gif-extension/node_modules/.bin:/usr/local/sbin:/usr/local/bin:/usr/sbin:/usr/bin:/sbin:/bin:/usr/games:/usr/local/games:/mnt/c/ProgramData/Oracle/Java/javapath:/mnt/c/Python27:/mnt/c/Python27/Scripts:/mnt/c/Program Files/Common Files/microsoft shared/Windows Live:/mnt/c/Program Files (x86)/Common Files/microsoft shared/Windows Live:/mnt/c/Program Files (x86)/Intel/iCLS Client:/mnt/c/Program Files/Intel/iCLS Client:/mnt/c/Windows/System32:/mnt/c/Windows:/mnt/c/Windows/System32/wbem:/mnt/c/Python27:/mnt/c/Program Files (x86)/NVIDIA Corporation/PhysX/Common:/mnt/c/Program Files/Intel/Intel(R) Management Engine Components/DAL:/mnt/c/Program Files/Intel/Intel(R) Management Engine Components/IPT:/mnt/c/Program Files (x86)/Intel/Intel(R) Management Engine Components/DAL:/mnt/c/Program Files (x86)/Intel/Intel(R) Management Engine Components/IPT:/mnt/c/Program Files/nodejs:/mnt/c/Program Files (x86)/Windows Live/Shared:/mnt/c/Program Files (x86)/GtkSharp/2.12/bin:/mnt/c/Windows/System32:/mnt/c/Windows:/mnt/c/Windows/System32/wbem:/mnt/c/Windows/System32/WindowsPowerShell/v1.0:/mnt/c/Windows/System32/WindowsPowerShell/v1.0:/mnt/c/Users/Borja/AppData:/mnt/c/Windows/System32:/mnt/c/Windows:/mnt/c/Windows/System32/wbem:/mnt/c/Windows/System32/WindowsPowerShell/v1.0:/mnt/c/Program Files (x86)/Skype/Phone:/mnt/c/Users/Borja/AppData/Roaming/npm:/mnt/c/Windows/System32/OpenSSH:/mnt/c/Program Files (x86)/Intel/iCLS Client:/mnt/c/Program Files/Intel/iCLS Client:/mnt/c/Windows/System32:/mnt/c/Windows:/mnt/c/Windows/System32/wbem:/mnt/c/Windows/System32/WindowsPowerShell/v1.0:/mnt/c/Program Files (x86)/NVIDIA Corporation/PhysX/Common:/mnt/c/Program Files/Intel/Intel(R) Management Engine Components/DAL:/mnt/c/Program Files/Intel/Intel(R) Management Engine Components/IPT:/mnt/c/Program Files (x86)/Intel/Intel(R) Management Engine Components/DAL:/mnt/c/Program Files (x86)/Intel/Intel(R) Management Engine Components/IPT:/mnt/c/Users/Borja/AppData/Local/Programs/Git/cmd:/mnt/c/Users/Borja/AppData/Local/Programs/Git/mingw64/bin:/mnt/c/Users/Borja/AppData/Local/Programs/Git/usr/bin:/mnt/c/Python27/Scripts:/mnt/c/Users/Borja/AppData/Local/atom/bin:/mnt/c/Users/Borja/AppData/Local/Microsoft/WindowsApps:/mnt/c/Users/Borja/AppData/Local/Programs/Microsoft VS Code/bin
10 verbose lifecycle pr-gif-extension@1.0.0~build: CWD: /mnt/k/Projects/Git Projects/pr-gif-extension
11 silly lifecycle pr-gif-extension@1.0.0~build: Args: [ '-c',
11 silly lifecycle   'webpack --config webpack.config.prod.babel.js --mode production' ]
12 silly lifecycle pr-gif-extension@1.0.0~build: Returned: code: 1  signal: null
13 info lifecycle pr-gif-extension@1.0.0~build: Failed to exec build script
14 verbose stack Error: pr-gif-extension@1.0.0 build: `webpack --config webpack.config.prod.babel.js --mode production`
14 verbose stack Exit status 1
14 verbose stack     at EventEmitter.<anonymous> (/usr/lib/node_modules/npm/lib/utils/lifecycle.js:255:16)
14 verbose stack     at emitTwo (events.js:106:13)
14 verbose stack     at EventEmitter.emit (events.js:191:7)
14 verbose stack     at ChildProcess.<anonymous> (/usr/lib/node_modules/npm/lib/utils/spawn.js:40:14)
14 verbose stack     at emitTwo (events.js:106:13)
14 verbose stack     at ChildProcess.emit (events.js:191:7)
14 verbose stack     at maybeClose (internal/child_process.js:877:16)
14 verbose stack     at Process.ChildProcess._handle.onexit (internal/child_process.js:226:5)
15 verbose pkgid pr-gif-extension@1.0.0
16 verbose cwd /mnt/k/Projects/Git Projects/pr-gif-extension
17 error Linux 4.4.0-17134-Microsoft
18 error argv "/usr/bin/nodejs" "/usr/bin/npm" "run" "build"
19 error node v6.9.4
20 error npm  v3.10.10
21 error code ELIFECYCLE
22 error pr-gif-extension@1.0.0 build: `webpack --config webpack.config.prod.babel.js --mode production`
22 error Exit status 1
23 error Failed at the pr-gif-extension@1.0.0 build script 'webpack --config webpack.config.prod.babel.js --mode production'.
23 error Make sure you have the latest version of node.js and npm installed.
23 error If you do, this is most likely a problem with the pr-gif-extension package,
23 error not with npm itself.
23 error Tell the author that this fails on your system:
23 error     webpack --config webpack.config.prod.babel.js --mode production
23 error You can get information on how to open an issue for this project with:
23 error     npm bugs pr-gif-extension
23 error Or if that isn't available, you can get their info via:
23 error     npm owner ls pr-gif-extension
23 error There is likely additional logging output above.
24 verbose exit [ 1, true ]
